0 info it worked if it ends with ok
1 verbose cli [ '/usr/local/Cellar/node/6.1.0/bin/node',
1 verbose cli   '/usr/local/bin/npm',
1 verbose cli   'run',
1 verbose cli   'start' ]
2 info using npm@3.8.9
3 info using node@v6.1.0
4 verbose run-script [ 'prestart', 'start', 'poststart' ]
5 info lifecycle resume-static-aws@0.0.0~prestart: resume-static-aws@0.0.0
6 silly lifecycle resume-static-aws@0.0.0~prestart: no script for prestart, continuing
7 info lifecycle resume-static-aws@0.0.0~start: resume-static-aws@0.0.0
8 verbose lifecycle resume-static-aws@0.0.0~start: unsafe-perm in lifecycle true
9 verbose lifecycle resume-static-aws@0.0.0~start: PATH: /usr/local/lib/node_modules/npm/bin/node-gyp-bin:/Users/Trav/Projects/resume-static-aws/node_modules/.bin:/usr/local/Cellar/node/6.1.0/bin:/Users/Trav/.rbenv/shims:/Users/Trav/.bin:/usr/local/bin:/usr/bin:/bin:/usr/sbin:/sbin
10 verbose lifecycle resume-static-aws@0.0.0~start: CWD: /Users/Trav/Projects/resume-static-aws
11 silly lifecycle resume-static-aws@0.0.0~start: Args: [ '-c',
11 silly lifecycle   'rm -rf dist && NODE_ENV=development webpack-dev-server -d --config tools/webpack.config.dev.babel.js --hot --inline --content-base dist/ --color --bail' ]
12 silly lifecycle resume-static-aws@0.0.0~start: Returned: code: 1  signal: null
13 info lifecycle resume-static-aws@0.0.0~start: Failed to exec start script
14 verbose stack Error: resume-static-aws@0.0.0 start: `rm -rf dist && NODE_ENV=development webpack-dev-server -d --config tools/webpack.config.dev.babel.js --hot --inline --content-base dist/ --color --bail`
14 verbose stack Exit status 1
14 verbose stack     at EventEmitter.<anonymous> (/usr/local/lib/node_modules/npm/lib/utils/lifecycle.js:245:16)
14 verbose stack     at emitTwo (events.js:106:13)
14 verbose stack     at EventEmitter.emit (events.js:191:7)
14 verbose stack     at ChildProcess.<anonymous> (/usr/local/lib/node_modules/npm/lib/utils/spawn.js:24:14)
14 verbose stack     at emitTwo (events.js:106:13)
14 verbose stack     at ChildProcess.emit (events.js:191:7)
14 verbose stack     at maybeClose (internal/child_process.js:850:16)
14 verbose stack     at Process.ChildProcess._handle.onexit (internal/child_process.js:215:5)
15 verbose pkgid resume-static-aws@0.0.0
16 verbose cwd /Users/Trav/Projects/resume-static-aws
17 error Darwin 15.6.0
18 error argv "/usr/local/Cellar/node/6.1.0/bin/node" "/usr/local/bin/npm" "run" "start"
19 error node v6.1.0
20 error npm  v3.8.9
21 error code ELIFECYCLE
22 error resume-static-aws@0.0.0 start: `rm -rf dist && NODE_ENV=development webpack-dev-server -d --config tools/webpack.config.dev.babel.js --hot --inline --content-base dist/ --color --bail`
22 error Exit status 1
23 error Failed at the resume-static-aws@0.0.0 start script 'rm -rf dist && NODE_ENV=development webpack-dev-server -d --config tools/webpack.config.dev.babel.js --hot --inline --content-base dist/ --color --bail'.
23 error Make sure you have the latest version of node.js and npm installed.
23 error If you do, this is most likely a problem with the resume-static-aws package,
23 error not with npm itself.
23 error Tell the author that this fails on your system:
23 error     rm -rf dist && NODE_ENV=development webpack-dev-server -d --config tools/webpack.config.dev.babel.js --hot --inline --content-base dist/ --color --bail
23 error You can get information on how to open an issue for this project with:
23 error     npm bugs resume-static-aws
23 error Or if that isn't available, you can get their info via:
23 error     npm owner ls resume-static-aws
23 error There is likely additional logging output above.
24 verbose exit [ 1, true ]
